  Using bundled DotNet SDK
  Log file: C:\Users\user\AppData\Local\UnrealBuildTool\Log.txt
  Using 'git status' to determine working set for adaptive non-unity build (C:\Users\user\Documents\GitHub\MediocreMapAssistant3).
  Invalidating makefile for MMA3Editor (working set of source files changed)
  Parsing headers for MMA3Editor
    Running UnrealHeaderTool "C:\Users\user\Documents\GitHub\MediocreMapAssistant3\MMA3\MMA3.uproject" "C:\Users\user\Documents\GitHub\MediocreMapAssistant3\MMA3\Intermediate\Build\Win64\MMA3Editor\Development\MMA3Editor.uhtmanifest" -LogCmds="loginit warning, logexit warning, logdatabase error" -Unattended -WarningsAsErrors -abslog="C:\Users\user\AppData\Local\UnrealBuildTool\Log_UHT.txt" -installed
  Reflection code generated for MMA3Editor in 1.5313002 seconds
  Building MMA3Editor...
  Using Visual Studio 2022 14.33.31629 toolchain (C:\Program Files\Microsoft Visual Studio\2022\Community\VC\Tools\MSVC\14.33.31629) and Windows 10.0.19041.0 SDK (C:\Program Files (x86)\Windows Kits\10).
  [Adaptive Build] Excluded from MMA3 unity file: CustomButton.cpp, CustomComboString.cpp, CustomEditableTextBox.cpp, CustomSlider.cpp, CustomSpinBox.cpp, CustomTextBlock.cpp, LevelSelectionWidget.cpp
  Distributing 6 actions to XGE
  --------------------Build System Warning---------------------------------------
  Failed to connect to Coordinator:
      All builds will run in standalone mode.
  
  -------------------------------------------------------------------------------
  
  Build ID: {0CFA6A2A-B9DB-4423-A3AC-5E3F69AD19E5}
  
  --------------------Project: Default-------------------------------------------
  [1/6] MMA3.init.gen.cpp (0:00.37 at +0:00)
  [2/6] LevelSelectionWidget.gen.cpp (0:06.65 at +0:00)
  [3/6] LevelSelectionWidget.cpp (0:06.31 at +0:07)
  [4/6] UnrealEditor-MMA3-0057.dll (0:00.81 at +0:13)
     Création de la bibliothèque C:\Users\user\Documents\GitHub\MediocreMapAssistant3\MMA3\Intermediate\Build\Win64\UnrealEditor\Development\MMA3\UnrealEditor-MMA3-0057.suppressed.lib et de l'objet C:\Users\user\Documents\GitHub\MediocreMapAssistant3\MMA3\Intermediate\Build\Win64\UnrealEditor\Development\MMA3\UnrealEditor-MMA3-0057.suppressed.exp
  [5/6] UnrealEditor-MMA3-0057.lib (0:00.06 at +0:14)
     Création de la bibliothèque C:\Users\user\Documents\GitHub\MediocreMapAssistant3\MMA3\Intermediate\Build\Win64\UnrealEditor\Development\MMA3\UnrealEditor-MMA3-0057.lib et de l'objet C:\Users\user\Documents\GitHub\MediocreMapAssistant3\MMA3\Intermediate\Build\Win64\UnrealEditor\Development\MMA3\UnrealEditor-MMA3-0057.exp
  [6/6] MMA3Editor.target (0:00.25 at +0:14)
  ---------------------- Done ----------------------
  
      Rebuild All: 1 succeeded, 0 failed, 0 skipped
  
  1 build system warning(s):
     - Failed to connect to Coordinator
  
  Total time in XGE executor: 14.60 seconds
  Total execution time: 17.87 seconds
